<?xml version="1.0" encoding="UTF-8"?>
<!-- Generated by org.testng.reporters.JUnitXMLReporter -->
<testsuite ignored="0" hostname="LAPTOP-O67D71SL" failures="0" tests="2" name="Test-Runner-1" time="60.931" errors="0" timestamp="2023-04-19T10:58:17 IST">
  <testcase classname="vTiger.OrganizationsTests.CreateNewOrganizationTest" name="CreateNewOrgTest" time="22.728"/>
  <testcase classname="vTiger.OrganizationsTests.CreateNewOrganizationTest" name="demoOrg" time="0.0"/>
</testsuite> <!-- Test-Runner-1 -->
