<?xml version="1.0" encoding="UTF-8"?>
<!-- Generated by org.testng.reporters.JUnitXMLReporter -->
<testsuite ignored="0" hostname="LAPTOP-O67D71SL" failures="0" tests="1" name="Test-Runner-Firefox" time="50.859" errors="0" timestamp="2023-04-19T11:08:33 IST">
  <testcase classname="vTiger.ContactsTests.CreateContactWithOrganizationTest" name="CreateContactWithOrgTest" time="29.928"/>
</testsuite> <!-- Test-Runner-Firefox -->
