<?xml version="1.0" encoding="UTF-8"?>
<!-- Generated by org.testng.reporters.JUnitReportReporter -->
<testsuite hostname="LAPTOP-O67D71SL" failures="0" tests="1" name="vTiger.ContactsTests.CreateContactWithOrganizationTest" time="30.705" errors="0" timestamp="2023-04-26T09:46:46 IST" skipped="0">
  <testcase classname="vTiger.ContactsTests.CreateContactWithOrganizationTest" name="CreateContactWithOrgTest" time="30.705"/>
  <system-out/>
</testsuite> <!-- vTiger.ContactsTests.CreateContactWithOrganizationTest -->
