<?xml version="1.0" encoding="UTF-8"?>
<!-- Generated by org.testng.reporters.JUnitReportReporter -->
<testsuite hostname="LAPTOP-O67D71SL" failures="0" tests="2" name="vTiger.OrganizationsTests.CreateNewOrganizationTest" time="26.498" errors="0" timestamp="2023-04-20T11:52:14 IST" skipped="0">
  <testcase classname="vTiger.OrganizationsTests.CreateNewOrganizationTest" name="demoOrg" time="7.261"/>
  <system-out/>
  <testcase classname="vTiger.OrganizationsTests.CreateNewOrganizationTest" name="CreateNewOrgTest" time="19.237"/>
  <system-out/>
</testsuite> <!-- vTiger.OrganizationsTests.CreateNewOrganizationTest -->
