<?xml version="1.0" encoding="UTF-8"?>
<!-- Generated by org.testng.reporters.JUnitReportReporter -->
<testsuite hostname="LAPTOP-O67D71SL" failures="0" tests="1" name="vTiger.Practice.ReadDataFromCmdLine" time="0.035" errors="0" timestamp="2023-04-26T10:08:21 IST" skipped="0">
  <testcase classname="vTiger.Practice.ReadDataFromCmdLine" name="readData" time="0.035"/>
  <system-out/>
</testsuite> <!-- vTiger.Practice.ReadDataFromCmdLine -->
