<?xml version="1.0" encoding="UTF-8"?>
<!-- Generated by org.testng.reporters.JUnitReportReporter -->
<testsuite hostname="LAPTOP-O67D71SL" failures="0" tests="3" name="vTiger.Practice.DataProviderPractice" time="0.037" errors="0" timestamp="2023-04-15T20:22:52 IST" skipped="0">
  <testcase classname="vTiger.Practice.DataProviderPractice" name="sampleTest" time="0.032"/>
  <system-out/>
  <testcase classname="vTiger.Practice.DataProviderPractice" name="sampleTest" time="0.003"/>
  <system-out/>
  <testcase classname="vTiger.Practice.DataProviderPractice" name="sampleTest" time="0.002"/>
  <system-out/>
</testsuite> <!-- vTiger.Practice.DataProviderPractice -->
